1522602773: mosquitto version 1.4.8 (build date Thu, 01 Mar 2018 09:34:49 -0500) starting
1522602773: Config loaded from /home/victor/BlenderGames/testgame/mosquitto/mosquitto.conf.
1522602773: Opening ipv4 listen socket on port 1883.
1522602773: Opening ipv6 listen socket on port 1883.
1522602773: Bridge local.BlenderSimulator doing local SUBSCRIBE on topic localgateway_to_awsiot
1522602773: Bridge local.BlenderSimulator doing local SUBSCRIBE on topic both_directions
1522602773: Connecting bridge awsiot (a2dbqczd296b43.iot.us-east-1.amazonaws.com:8883)
1522602773: Bridge BlenderSimulator sending CONNECT
1522602773: New connection from 127.0.0.1 on port 1883.
1522602773: New client connected from 127.0.0.1 as mosqsub/11547-victor-As (c1, k60).
1522602773: Sending CONNACK to mosqsub/11547-victor-As (0, 0)
1522602773: Received SUBSCRIBE from mosqsub/11547-victor-As
1522602773: 	/test (QoS 0)
1522602773: mosqsub/11547-victor-As 0 /test
1522602773: Sending SUBACK to mosqsub/11547-victor-As
1522602773: Socket error on client local.BlenderSimulator, disconnecting.
1522602803: Bridge local.BlenderSimulator doing local SUBSCRIBE on topic localgateway_to_awsiot
1522602803: Bridge local.BlenderSimulator doing local SUBSCRIBE on topic both_directions
1522602803: Connecting bridge awsiot (a2dbqczd296b43.iot.us-east-1.amazonaws.com:8883)
1522602803: Bridge BlenderSimulator sending CONNECT
1522602804: Socket error on client local.BlenderSimulator, disconnecting.
1522602824: mosquitto version 1.4.8 terminating
